<?xml version="1.0" encoding="UTF-8"?>
<testng-results ignored="0" total="1" passed="1" failed="0" skipped="0">
  <reporter-output>
  </reporter-output>
  <suite started-at="2021-02-09T20:48:34 BDT" name="Default suite" finished-at="2021-02-09T20:48:50 BDT" duration-ms="16127">
    <groups>
    </groups>
    <test started-at="2021-02-09T20:48:34 BDT" name="Default test" finished-at="2021-02-09T20:48:50 BDT" duration-ms="16127">
      <class name="com.selenium.demo.Shawpno">
        <test-method is-config="true" signature="setLocation()[pri:0, instance:com.selenium.demo.Shawpno@8458f04]" started-at="2021-02-09T20:48:17 BDT" name="setLocation" finished-at="2021-02-09T20:48:34 BDT" duration-ms="17069" status="PASS">
          <reporter-output>
          </reporter-output>
        </test-method> <!-- setLocation -->
        <test-method is-config="true" signature="findProduct()[pri:0, instance:com.selenium.demo.Shawpno@8458f04]" started-at="2021-02-09T20:48:34 BDT" name="findProduct" finished-at="2021-02-09T20:48:42 BDT" duration-ms="8305" status="PASS">
          <reporter-output>
          </reporter-output>
        </test-method> <!-- findProduct -->
        <test-method is-config="true" signature="loginModule()[pri:0, instance:com.selenium.demo.Shawpno@8458f04]" started-at="2021-02-09T20:48:42 BDT" name="loginModule" finished-at="2021-02-09T20:48:47 BDT" duration-ms="4728" status="PASS">
          <reporter-output>
          </reporter-output>
        </test-method> <!-- loginModule -->
        <test-method signature="addProduct()[pri:0, instance:com.selenium.demo.Shawpno@8458f04]" started-at="2021-02-09T20:48:47 BDT" name="addProduct" finished-at="2021-02-09T20:48:50 BDT" duration-ms="3060" status="PASS">
          <reporter-output>
          </reporter-output>
        </test-method> <!-- addProduct -->
        <test-method is-config="true" signature="viewCart()[pri:0, instance:com.selenium.demo.Shawpno@8458f04]" started-at="2021-02-09T20:48:50 BDT" name="viewCart" finished-at="2021-02-09T20:48:53 BDT" duration-ms="3014" status="PASS">
          <reporter-output>
          </reporter-output>
        </test-method> <!-- viewCart -->
      </class> <!-- com.selenium.demo.Shawpno -->
    </test> <!-- Default test -->
  </suite> <!-- Default suite -->
</testng-results>
